<?xml version="1.0" encoding="UTF-8"?>
<!-- Generated by org.testng.reporters.JUnitReportReporter -->
<testsuite skipped="0" hostname="DESKTOP-AD27D2M" name="com.training.sanity.tests.TC_063" tests="5" failures="0" timestamp="10 Jan 2019 12:37:35 GMT" time="32.880" errors="0">
  <testcase name="validTC_063Test" time="7.902" classname="com.training.sanity.tests.TC_063"/>
  <testcase name="Registration_data" time="3.311" classname="com.training.sanity.tests.TC_063"/>
  <testcase name="Registration_data" time="7.062" classname="com.training.sanity.tests.TC_063"/>
  <testcase name="Registration_data" time="7.230" classname="com.training.sanity.tests.TC_063"/>
  <testcase name="Registration_data" time="7.375" classname="com.training.sanity.tests.TC_063"/>
</testsuite> <!-- com.training.sanity.tests.TC_063 -->
