<?xml version="1.0" encoding="UTF-8"?>
<!-- Generated by org.testng.reporters.JUnitReportReporter -->
<testsuite skipped="0" hostname="DESKTOP-AD27D2M" name="com.training.sanity.tests.RTTC_003" tests="1" failures="0" timestamp="22 Dec 2018 07:56:56 GMT" time="37.670" errors="0">
  <testcase name="validRTTC_03Test" time="37.670" classname="com.training.sanity.tests.RTTC_003"/>
</testsuite> <!-- com.training.sanity.tests.RTTC_003 -->
