<?xml version="1.0" encoding="UTF-8"?>
<!-- Generated by org.testng.reporters.JUnitReportReporter -->
<testsuite skipped="0" hostname="DESKTOP-AD27D2M" name="com.training.sanity.tests.RTTC_0033" tests="1" failures="0" timestamp="02 Jan 2019 11:01:20 GMT" time="134.674" errors="0">
  <testcase name="validRTTC_0033Test" time="134.674" classname="com.training.sanity.tests.RTTC_0033"/>
</testsuite> <!-- com.training.sanity.tests.RTTC_0033 -->
