<?xml version="1.0" encoding="UTF-8"?>
<!-- Generated by org.testng.reporters.JUnitReportReporter -->
<testsuite skipped="0" hostname="DESKTOP-AD27D2M" name="com.training.sanity.tests.RTTC_035" tests="1" failures="0" timestamp="31 Dec 2018 09:37:31 GMT" time="80.121" errors="0">
  <testcase name="validRTTC_035Test" time="80.121" classname="com.training.sanity.tests.RTTC_035"/>
</testsuite> <!-- com.training.sanity.tests.RTTC_035 -->
