<?xml version="1.0" encoding="UTF-8"?>
<!-- Generated by org.testng.reporters.JUnitReportReporter -->
<testsuite skipped="0" hostname="DESKTOP-AD27D2M" name="com.training.sanity.tests.RTTC_004" tests="1" failures="0" timestamp="22 Dec 2018 10:45:22 GMT" time="34.164" errors="0">
  <testcase name="validRTTC_004Test" time="34.164" classname="com.training.sanity.tests.RTTC_004"/>
</testsuite> <!-- com.training.sanity.tests.RTTC_004 -->
