<?xml version="1.0" encoding="UTF-8"?>
<!-- Generated by org.testng.reporters.JUnitReportReporter -->
<testsuite skipped="0" hostname="DESKTOP-AD27D2M" name="com.training.sanity.tests.RTTC_0033" tests="1" failures="0" timestamp="29 Dec 2018 05:28:26 GMT" time="126.772" errors="0">
  <testcase name="validRTTC_0033Test" time="126.772" classname="com.training.sanity.tests.RTTC_0033"/>
</testsuite> <!-- com.training.sanity.tests.RTTC_0033 -->
