<?xml version="1.0" encoding="UTF-8"?>
<!-- Generated by org.testng.reporters.JUnitReportReporter -->
<testsuite skipped="0" hostname="DESKTOP-AD27D2M" name="com.training.sanity.tests.RTTC_032" tests="1" failures="0" timestamp="29 Dec 2018 04:26:15 GMT" time="47.989" errors="0">
  <testcase name="validRTTC_032Test" time="47.989" classname="com.training.sanity.tests.RTTC_032"/>
</testsuite> <!-- com.training.sanity.tests.RTTC_032 -->
