<?xml version="1.0" encoding="UTF-8"?>
<!-- Generated by org.testng.reporters.JUnitReportReporter -->
<testsuite skipped="0" hostname="DESKTOP-AD27D2M" name="com.training.sanity.tests.Test31_datadriven" tests="1" failures="0" timestamp="03 Jan 2019 06:03:52 GMT" time="23.828" errors="0">
  <testcase name="validTest31_datadriven" time="23.828" classname="com.training.sanity.tests.Test31_datadriven"/>
</testsuite> <!-- com.training.sanity.tests.Test31_datadriven -->
