<?xml version="1.0" encoding="UTF-8"?>
<!-- Generated by org.testng.reporters.JUnitReportReporter -->
<testsuite skipped="0" hostname="DESKTOP-AD27D2M" name="com.training.sanity.tests.RTTC_032" tests="1" failures="0" timestamp="03 Jan 2019 16:24:53 GMT" time="56.063" errors="0">
  <testcase name="validRTTC_034Test" time="56.063" classname="com.training.sanity.tests.RTTC_032"/>
</testsuite> <!-- com.training.sanity.tests.RTTC_032 -->
