<?xml version="1.0" encoding="UTF-8"?>
<!-- Generated by org.testng.reporters.JUnitReportReporter -->
<testsuite skipped="0" hostname="DESKTOP-AD27D2M" name="com.training.sanity.tests.RTTC_002" tests="1" failures="0" timestamp="22 Dec 2018 09:46:58 GMT" time="19.408" errors="0">
  <testcase name="validRTTC_02Test" time="19.408" classname="com.training.sanity.tests.RTTC_002"/>
</testsuite> <!-- com.training.sanity.tests.RTTC_002 -->
