<?xml version="1.0" encoding="UTF-8"?>
<!-- Generated by org.testng.reporters.JUnitReportReporter -->
<testsuite skipped="0" hostname="DESKTOP-AD27D2M" name="com.training.sanity.tests.RTTC_002" tests="1" failures="0" timestamp="12 Jan 2019 08:05:11 GMT" time="31.487" errors="0">
  <testcase name="validRTTC_02Test" time="31.487" classname="com.training.sanity.tests.RTTC_002"/>
</testsuite> <!-- com.training.sanity.tests.RTTC_002 -->
