<?xml version="1.0" encoding="UTF-8"?>
<!-- Generated by org.testng.reporters.JUnitReportReporter -->
<testsuite skipped="0" hostname="DESKTOP-AD27D2M" name="com.training.sanity.tests.RTTC_031" tests="1" failures="0" timestamp="26 Dec 2018 10:59:36 GMT" time="21.453" errors="0">
  <testcase name="validRTTC_02Test" time="21.453" classname="com.training.sanity.tests.RTTC_031"/>
</testsuite> <!-- com.training.sanity.tests.RTTC_031 -->
