<?xml version="1.0" encoding="UTF-8"?>
<!-- Generated by org.testng.reporters.JUnitReportReporter -->
<testsuite skipped="1" hostname="DESKTOP-AD27D2M" name="com.training.sanity.tests.Test31_datadriven" tests="1" failures="0" timestamp="09 Jan 2019 06:45:31 GMT" time="0.000" errors="0">
  <testcase name="loginDBTest" time="0.000" classname="com.training.sanity.tests.Test31_datadriven">
    <skipped/>
  </testcase> <!-- loginDBTest -->
</testsuite> <!-- com.training.sanity.tests.Test31_datadriven -->
