<?xml version="1.0" encoding="UTF-8"?>
<!-- Generated by org.testng.reporters.JUnitReportReporter -->
<testsuite skipped="0" hostname="DESKTOP-AD27D2M" name="com.training.sanity.tests.RTTC_005" tests="1" failures="0" timestamp="22 Dec 2018 14:44:42 GMT" time="44.793" errors="0">
  <testcase name="validRTTC_005Test" time="44.793" classname="com.training.sanity.tests.RTTC_005"/>
</testsuite> <!-- com.training.sanity.tests.RTTC_005 -->
