<?xml version="1.0" encoding="UTF-8"?>
<!-- Generated by org.testng.reporters.JUnitReportReporter -->
<testsuite skipped="0" hostname="DESKTOP-AD27D2M" name="com.training.sanity.tests.RTTC_001" tests="1" failures="0" timestamp="24 Dec 2018 04:31:03 GMT" time="15.754" errors="0">
  <testcase name="validRTTC_01Test" time="15.754" classname="com.training.sanity.tests.RTTC_001"/>
</testsuite> <!-- com.training.sanity.tests.RTTC_001 -->
