<?xml version="1.0" encoding="UTF-8"?>
<!-- Generated by org.testng.reporters.JUnitReportReporter -->
<testsuite skipped="1" hostname="DESKTOP-AD27D2M" name="com.training.sanity.tests.TC_061" tests="2" failures="0" timestamp="16 Jan 2019 14:34:24 GMT" time="12.299" errors="0">
  <testcase name="validTC_061Test" time="12.299" classname="com.training.sanity.tests.TC_061"/>
  <testcase name="Registration_data" time="0.000" classname="com.training.sanity.tests.TC_061">
    <skipped/>
  </testcase> <!-- Registration_data -->
</testsuite> <!-- com.training.sanity.tests.TC_061 -->
