<?xml version="1.0" encoding="UTF-8"?>
<!-- Generated by org.testng.reporters.JUnitReportReporter -->
<testsuite skipped="0" hostname="DESKTOP-AD27D2M" name="com.training.sanity.tests.Test31_datadriven" tests="1" failures="0" timestamp="02 Jan 2019 10:36:26 GMT" time="24.311" errors="0">
  <testcase name="validTest31_datadriven" time="24.311" classname="com.training.sanity.tests.Test31_datadriven"/>
</testsuite> <!-- com.training.sanity.tests.Test31_datadriven -->
