<?xml version="1.0" encoding="UTF-8"?>
<!-- Generated by org.testng.reporters.JUnitReportReporter -->
<testsuite skipped="1" hostname="DESKTOP-AD27D2M" name="com.training.sanity.tests.TC_062" tests="2" failures="0" timestamp="16 Jan 2019 14:55:48 GMT" time="21.388" errors="0">
  <testcase name="validTC_062Test" time="21.388" classname="com.training.sanity.tests.TC_062"/>
  <testcase name="Registration_data" time="0.000" classname="com.training.sanity.tests.TC_062">
    <skipped/>
  </testcase> <!-- Registration_data -->
</testsuite> <!-- com.training.sanity.tests.TC_062 -->
