<?xml version="1.0" encoding="UTF-8"?>
<!-- Generated by org.testng.reporters.JUnitReportReporter -->
<testsuite skipped="1" hostname="DESKTOP-AD27D2M" name="com.training.sanity.tests.TC_061" tests="2" failures="0" timestamp="17 Jan 2019 10:52:26 GMT" time="26.157" errors="0">
  <testcase name="validTC_061Test" time="26.157" classname="com.training.sanity.tests.TC_061"/>
  <testcase name="Registration_dataTest" time="0.000" classname="com.training.sanity.tests.TC_061">
    <skipped/>
  </testcase> <!-- Registration_dataTest -->
</testsuite> <!-- com.training.sanity.tests.TC_061 -->
