<?xml version="1.0" encoding="UTF-8"?>
<!-- Generated by org.testng.reporters.JUnitReportReporter -->
<testsuite skipped="0" hostname="DESKTOP-AD27D2M" name="com.training.sanity.tests.RTTC_001" tests="1" failures="0" timestamp="10 Jan 2019 12:00:38 GMT" time="23.358" errors="0">
  <testcase name="validRTTC_01Test" time="23.358" classname="com.training.sanity.tests.RTTC_001"/>
</testsuite> <!-- com.training.sanity.tests.RTTC_001 -->
