<?xml version="1.0" encoding="UTF-8"?>
<!-- Generated by org.testng.reporters.JUnitReportReporter -->
<testsuite skipped="0" hostname="DESKTOP-AD27D2M" name="com.training.sanity.tests.RTTC_002" tests="1" failures="0" timestamp="14 Jan 2019 04:26:40 GMT" time="27.710" errors="0">
  <testcase name="validRTTC_02Test" time="27.710" classname="com.training.sanity.tests.RTTC_002"/>
</testsuite> <!-- com.training.sanity.tests.RTTC_002 -->
