<?xml version="1.0" encoding="UTF-8"?>
<!-- Generated by org.testng.reporters.JUnitReportReporter -->
<testsuite skipped="0" hostname="DESKTOP-AD27D2M" name="com.training.sanity.tests.tc_064" tests="1" failures="0" timestamp="11 Jan 2019 04:50:19 GMT" time="10.804" errors="0">
  <testcase name="validtc_064Test" time="10.804" classname="com.training.sanity.tests.tc_064"/>
</testsuite> <!-- com.training.sanity.tests.tc_064 -->
